*******************************************************************
* Genome-wide Complex Trait Analysis (GCTA)
* version v1.94.1 Linux
* Built at Nov 15 2022 21:14:25, by GCC 8.5
* (C) 2010-present, Yang Lab, Westlake University
* Please report bugs to Jian Yang <jian.yang@westlake.edu.cn>
*******************************************************************
Analysis started at 09:42:24 GMT on Fri Dec 08 2023.
Hostname: cpu-p-233

Options: 
 
--fastGWA-mlm 
--mbfile /home/hpcwan1/rds/hpc-work/project/gwas_fg/data/genetics_data/Fast_GWAS_pathfile.txt 
--grm-sparse /home/hpcwan1/rds/hpc-work/project/gwas_fg/data/genetics_data/Neuroimaging_samples/sp_grm 
--pheno /home/hpcwan1/rds/hpc-work/project/gwas_fg/results/GWAS/region_g2/r_HCP_forGWAS.txt 
--mpheno 42 
--qcovar /home/hpcwan1/rds/hpc-work/project/gwas_fg/data/genetics_data/WMqcovar.txt 
--covar /home/hpcwan1/rds/hpc-work/project/gwas_fg/data/genetics_data/WMcovardiscrete.txt 
--threads 20 
--out /home/hpcwan1/rds/hpc-work/project/gwas_fg/results/GWAS/region_g2/node_41/r_HCP_GWAS_auto_node41 

The program will be running with up to 20 threads.
Reading PLINK sample file from [/home/hpcwan1/rds/hpc-work/project/gwas_fg/data/genetics_data/Neuroimaging_samples/ukbchr_v2_r2correct_v2_1.fam]...
31797 individuals to be included from the sample file.
Checking other sample files...
  All the files checked are OK.
Reading phenotype data from [/home/hpcwan1/rds/hpc-work/project/gwas_fg/results/GWAS/region_g2/r_HCP_forGWAS.txt]...
30714 overlapping individuals with non-missing data to be included from the phenotype file.
30714 individuals to be included. 14408 males, 16306 females, 0 unknown.
Reading PLINK BIM file from [/home/hpcwan1/rds/hpc-work/project/gwas_fg/data/genetics_data/Neuroimaging_samples/ukbchr_v2_r2correct_v2_1.bim]...
1263308 SNPs to be included from BIM file(s).
Reading PLINK BIM file from [/home/hpcwan1/rds/hpc-work/project/gwas_fg/data/genetics_data/Neuroimaging_samples/ukbchr_v2_r2correct_v2_2.bim]...
2620714 SNPs to be included from BIM file(s).
Reading PLINK BIM file from [/home/hpcwan1/rds/hpc-work/project/gwas_fg/data/genetics_data/Neuroimaging_samples/ukbchr_v2_r2correct_v2_3.bim]...
3755293 SNPs to be included from BIM file(s).
Reading PLINK BIM file from [/home/hpcwan1/rds/hpc-work/project/gwas_fg/data/genetics_data/Neuroimaging_samples/ukbchr_v2_r2correct_v2_4.bim]...
4912427 SNPs to be included from BIM file(s).
Reading PLINK BIM file from [/home/hpcwan1/rds/hpc-work/project/gwas_fg/data/genetics_data/Neuroimaging_samples/ukbchr_v2_r2correct_v2_5.bim]...
5944879 SNPs to be included from BIM file(s).
Reading PLINK BIM file from [/home/hpcwan1/rds/hpc-work/project/gwas_fg/data/genetics_data/Neuroimaging_samples/ukbchr_v2_r2correct_v2_6.bim]...
6994439 SNPs to be included from BIM file(s).
Reading PLINK BIM file from [/home/hpcwan1/rds/hpc-work/project/gwas_fg/data/genetics_data/Neuroimaging_samples/ukbchr_v2_r2correct_v2_7.bim]...
7933805 SNPs to be included from BIM file(s).
Reading PLINK BIM file from [/home/hpcwan1/rds/hpc-work/project/gwas_fg/data/genetics_data/Neuroimaging_samples/ukbchr_v2_r2correct_v2_8.bim]...
8819258 SNPs to be included from BIM file(s).
Reading PLINK BIM file from [/home/hpcwan1/rds/hpc-work/project/gwas_fg/data/genetics_data/Neuroimaging_samples/ukbchr_v2_r2correct_v2_9.bim]...
9511308 SNPs to be included from BIM file(s).
Reading PLINK BIM file from [/home/hpcwan1/rds/hpc-work/project/gwas_fg/data/genetics_data/Neuroimaging_samples/ukbchr_v2_r2correct_v2_10.bim]...
10318751 SNPs to be included from BIM file(s).
Reading PLINK BIM file from [/home/hpcwan1/rds/hpc-work/project/gwas_fg/data/genetics_data/Neuroimaging_samples/ukbchr_v2_r2correct_v2_11.bim]...
11105282 SNPs to be included from BIM file(s).
Reading PLINK BIM file from [/home/hpcwan1/rds/hpc-work/project/gwas_fg/data/genetics_data/Neuroimaging_samples/ukbchr_v2_r2correct_v2_12.bim]...
11870800 SNPs to be included from BIM file(s).
Reading PLINK BIM file from [/home/hpcwan1/rds/hpc-work/project/gwas_fg/data/genetics_data/Neuroimaging_samples/ukbchr_v2_r2correct_v2_13.bim]...
12450029 SNPs to be included from BIM file(s).
Reading PLINK BIM file from [/home/hpcwan1/rds/hpc-work/project/gwas_fg/data/genetics_data/Neuroimaging_samples/ukbchr_v2_r2correct_v2_14.bim]...
12972984 SNPs to be included from BIM file(s).
Reading PLINK BIM file from [/home/hpcwan1/rds/hpc-work/project/gwas_fg/data/genetics_data/Neuroimaging_samples/ukbchr_v2_r2correct_v2_15.bim]...
13435085 SNPs to be included from BIM file(s).
Reading PLINK BIM file from [/home/hpcwan1/rds/hpc-work/project/gwas_fg/data/genetics_data/Neuroimaging_samples/ukbchr_v2_r2correct_v2_16.bim]...
13945292 SNPs to be included from BIM file(s).
Reading PLINK BIM file from [/home/hpcwan1/rds/hpc-work/project/gwas_fg/data/genetics_data/Neuroimaging_samples/ukbchr_v2_r2correct_v2_17.bim]...
14392996 SNPs to be included from BIM file(s).
Reading PLINK BIM file from [/home/hpcwan1/rds/hpc-work/project/gwas_fg/data/genetics_data/Neuroimaging_samples/ukbchr_v2_r2correct_v2_18.bim]...
14848032 SNPs to be included from BIM file(s).
Reading PLINK BIM file from [/home/hpcwan1/rds/hpc-work/project/gwas_fg/data/genetics_data/Neuroimaging_samples/ukbchr_v2_r2correct_v2_19.bim]...
15222055 SNPs to be included from BIM file(s).
Reading PLINK BIM file from [/home/hpcwan1/rds/hpc-work/project/gwas_fg/data/genetics_data/Neuroimaging_samples/ukbchr_v2_r2correct_v2_20.bim]...
15578065 SNPs to be included from BIM file(s).
Reading PLINK BIM file from [/home/hpcwan1/rds/hpc-work/project/gwas_fg/data/genetics_data/Neuroimaging_samples/ukbchr_v2_r2correct_v2_21.bim]...
15795966 SNPs to be included from BIM file(s).
Reading PLINK BIM file from [/home/hpcwan1/rds/hpc-work/project/gwas_fg/data/genetics_data/Neuroimaging_samples/ukbchr_v2_r2correct_v2_22.bim]...
16018073 SNPs to be included from BIM file(s).
Reading PLINK BIM file from [/home/hpcwan1/rds/hpc-work/project/gwas_fg/data/genetics_data/Neuroimaging_samples/ukbchr_v2_r2correct_X.bim]...
16346495 SNPs to be included from BIM file(s).
Reading quantitative covariates from [/home/hpcwan1/rds/hpc-work/project/gwas_fg/data/genetics_data/WMqcovar.txt].
47 covariates of 31797 samples to be included.
Reading discrete covariates from [/home/hpcwan1/rds/hpc-work/project/gwas_fg/data/genetics_data/WMcovardiscrete.txt].
2 covariates of 31797 samples to be included.
47 qcovar, 2 covar and 0 rcovar to be included.
31797 common individuals among the covariate files to be included.
30714 overlapping individuals with non-missing data to be included from the covariate file(s).
Reading the sparse GRM file from [/home/hpcwan1/rds/hpc-work/project/gwas_fg/data/genetics_data/Neuroimaging_samples/sp_grm]...
After matching all the files, 30714 individuals to be included in the analysis.
Estimating the genetic variance (Vg) by fastGWA-REML (grid search)...
Iteration 1, step size: 2.40269e-05, logL: 84475.9. Vg: 0.000336377, searching range: 0.00031235 to 0.000360404
Iteration 2, step size: 3.20359e-06, logL: 84475.9. Vg: 0.000341183, searching range: 0.000337979 to 0.000344386
Iteration 3, step size: 4.27146e-07, logL: 84475.9. Vg: 0.000340969, searching range: 0.000340542 to 0.000341396
Iteration 4, step size: 5.69528e-08, logL: 84475.9. Vg: 0.000341111, searching range: 0.000341054 to 0.000341168
Iteration 5, step size: 7.5937e-09, logL: 84475.9. Vg: 0.000341108, searching range: 0.0003411 to 0.000341115
Iteration 6, step size: 1.01249e-09, logL: 84475.9. Vg: 0.000341107, searching range: 0.000341106 to 0.000341108
Iteration 7, step size: 1.34999e-10, logL: 84475.9. Vg: 0.000341107, searching range: 0.000341107 to 0.000341107
Iteration 8, step size: 1.79999e-11, logL: 84475.9. Vg: 0.000341107, searching range: 0.000341107 to 0.000341107
Iteration 9, step size: 2.39998e-12, logL: 84475.9. Vg: 0.000341107, searching range: 0.000341107 to 0.000341107
Iteration 10, step size: 3.19998e-13, logL: 84475.9. Vg: 0.000341107, searching range: 0.000341107 to 0.000341107
Iteration 11, step size: 4.26664e-14, logL: 84475.9. Vg: 0.000341107, searching range: 0.000341107 to 0.000341107
Iteration 12, step size: 5.68885e-15, logL: 84475.9. Vg: 0.000341107, searching range: 0.000341107 to 0.000341107
Iteration 13, step size: 7.58515e-16, logL: 84475.9. Vg: 0.000341107, searching range: 0.000341107 to 0.000341107
fastGWA-REML converged.
logL: 84475.9
Sampling variance/covariance of the estimates of Vg and Ve:
 2.34514e-08 -2.33875e-08
-2.33875e-08  2.34705e-08

Source	Variance	SE
Vg	0.000341107	0.000153138
Ve	0.00116058	0.000153201
Vp	0.00150168

Heritability = 0.22715 (Pval = 0.0259178)
fastGWA-REML runtime: 0.253914 sec.

Tuning parameters using 2000 null SNPs...
  reading genotypes...
  100% finished in 25.7 sec
2000 SNPs have been processed.
Tuning of Gamma finished at the 1000th SNP.
Mean GRAMMAR-Gamma value = 665.235740
Tuning of Gamma finished 25.8409 seconds.

Performing fastGWA mixed model association analysis...
fastGWA results will be saved in text format to [/home/hpcwan1/rds/hpc-work/project/gwas_fg/results/GWAS/region_g2/node_41/r_HCP_GWAS_auto_node41.fastGWA].
  Filtering out variants with MAF < 0.0001, or customise it with --maf flag.
  Filtering out variants with missingness rate > 0.10, or customise it with --geno flag.
Unexpected PLINK 1 .bed file size (expected 2610954903 bytes).

*******************************************************************
* Genome-wide Complex Trait Analysis (GCTA)
* version v1.94.1 Linux
* Built at Nov 15 2022 21:14:25, by GCC 8.5
* (C) 2010-present, Yang Lab, Westlake University
* Please report bugs to Jian Yang <jian.yang@westlake.edu.cn>
*******************************************************************
Analysis started at 09:46:38 GMT on Fri Dec 08 2023.
Hostname: cpu-p-233

Options: 
 
--fastGWA-mlm 
--mbfile /home/hpcwan1/rds/hpc-work/project/gwas_fg/data/genetics_data/Fast_GWAS_pathfile.txt 
--grm-sparse /home/hpcwan1/rds/hpc-work/project/gwas_fg/data/genetics_data/Neuroimaging_samples/sp_grm 
--pheno /home/hpcwan1/rds/hpc-work/project/gwas_fg/results/GWAS/region_g2/r_HCP_forGWAS.txt 
--mpheno 42 
--qcovar /home/hpcwan1/rds/hpc-work/project/gwas_fg/data/genetics_data/WMqcovar.txt 
--covar /home/hpcwan1/rds/hpc-work/project/gwas_fg/data/genetics_data/WMcovardiscrete.txt 
--threads 20 
--model-only 
--keep /home/hpcwan1/rds/hpc-work/project/gwas_fg/data/genetics_data/Neuroimaging_samples/chrX.idlist 
--out /home/hpcwan1/rds/hpc-work/project/gwas_fg/results/GWAS/region_g2/node_41/r_HCP_GWAS_model_node41 

The program will be running with up to 20 threads.
Reading PLINK sample file from [/home/hpcwan1/rds/hpc-work/project/gwas_fg/data/genetics_data/Neuroimaging_samples/ukbchr_v2_r2correct_v2_1.fam]...
31797 individuals to be included from the sample file.
Checking other sample files...
  All the files checked are OK.
Get 31791 samples from list [/home/hpcwan1/rds/hpc-work/project/gwas_fg/data/genetics_data/Neuroimaging_samples/chrX.idlist].
After keeping individuals, 31791 subjects remain.
Reading phenotype data from [/home/hpcwan1/rds/hpc-work/project/gwas_fg/results/GWAS/region_g2/r_HCP_forGWAS.txt]...
30708 overlapping individuals with non-missing data to be included from the phenotype file.
30708 individuals to be included. 14406 males, 16302 females, 0 unknown.
Reading PLINK BIM file from [/home/hpcwan1/rds/hpc-work/project/gwas_fg/data/genetics_data/Neuroimaging_samples/ukbchr_v2_r2correct_v2_1.bim]...
1263308 SNPs to be included from BIM file(s).
Reading PLINK BIM file from [/home/hpcwan1/rds/hpc-work/project/gwas_fg/data/genetics_data/Neuroimaging_samples/ukbchr_v2_r2correct_v2_2.bim]...
2620714 SNPs to be included from BIM file(s).
Reading PLINK BIM file from [/home/hpcwan1/rds/hpc-work/project/gwas_fg/data/genetics_data/Neuroimaging_samples/ukbchr_v2_r2correct_v2_3.bim]...
3755293 SNPs to be included from BIM file(s).
Reading PLINK BIM file from [/home/hpcwan1/rds/hpc-work/project/gwas_fg/data/genetics_data/Neuroimaging_samples/ukbchr_v2_r2correct_v2_4.bim]...
4912427 SNPs to be included from BIM file(s).
Reading PLINK BIM file from [/home/hpcwan1/rds/hpc-work/project/gwas_fg/data/genetics_data/Neuroimaging_samples/ukbchr_v2_r2correct_v2_5.bim]...
5944879 SNPs to be included from BIM file(s).
Reading PLINK BIM file from [/home/hpcwan1/rds/hpc-work/project/gwas_fg/data/genetics_data/Neuroimaging_samples/ukbchr_v2_r2correct_v2_6.bim]...
6994439 SNPs to be included from BIM file(s).
Reading PLINK BIM file from [/home/hpcwan1/rds/hpc-work/project/gwas_fg/data/genetics_data/Neuroimaging_samples/ukbchr_v2_r2correct_v2_7.bim]...
7933805 SNPs to be included from BIM file(s).
Reading PLINK BIM file from [/home/hpcwan1/rds/hpc-work/project/gwas_fg/data/genetics_data/Neuroimaging_samples/ukbchr_v2_r2correct_v2_8.bim]...
8819258 SNPs to be included from BIM file(s).
Reading PLINK BIM file from [/home/hpcwan1/rds/hpc-work/project/gwas_fg/data/genetics_data/Neuroimaging_samples/ukbchr_v2_r2correct_v2_9.bim]...
9511308 SNPs to be included from BIM file(s).
Reading PLINK BIM file from [/home/hpcwan1/rds/hpc-work/project/gwas_fg/data/genetics_data/Neuroimaging_samples/ukbchr_v2_r2correct_v2_10.bim]...
10318751 SNPs to be included from BIM file(s).
Reading PLINK BIM file from [/home/hpcwan1/rds/hpc-work/project/gwas_fg/data/genetics_data/Neuroimaging_samples/ukbchr_v2_r2correct_v2_11.bim]...
*******************************************************************
* Genome-wide Complex Trait Analysis (GCTA)
* version v1.94.1 Linux
* Built at Nov 15 2022 21:14:25, by GCC 8.5
* (C) 2010-present, Yang Lab, Westlake University
* Please report bugs to Jian Yang <jian.yang@westlake.edu.cn>
*******************************************************************
Analysis started at 09:47:38 GMT on Fri Dec 08 2023.
Hostname: cpu-p-233

Options: 
 
--bfile /home/hpcwan1/rds/hpc-work/project/gwas_fg/data/genetics_data/Neuroimaging_samples/ukbchr_v2_r2correct_X 
--load-model /home/hpcwan1/rds/hpc-work/project/gwas_fg/results/GWAS/region_g2/node_41/r_HCP_GWAS_model_node41.fastGWA 
--geno 0.1 
--out /home/hpcwan1/rds/hpc-work/project/gwas_fg/results/GWAS/region_g2/node_41/r_HCP_GWAS_X_node41 
--threads 20 

The program will be running with up to 20 threads.
Reading PLINK FAM file from [/home/hpcwan1/rds/hpc-work/project/gwas_fg/data/genetics_data/Neuroimaging_samples/ukbchr_v2_r2correct_X.fam]...
31791 individuals to be included from FAM file.
31791 individuals to be included. 14962 males, 16829 females, 0 unknown.
Reading PLINK BIM file from [/home/hpcwan1/rds/hpc-work/project/gwas_fg/data/genetics_data/Neuroimaging_samples/ukbchr_v2_r2correct_X.bim]...
328422 SNPs to be included from BIM file(s).
Threshold to filter variants: missingness rate < 0.100000.
Loading saved model file prefixed with [/home/hpcwan1/rds/hpc-work/project/gwas_fg/results/GWAS/region_g2/node_41/r_HCP_GWAS_model_node41.fastGWA]...
Note: phenotype, covariates, sparse GRM and association test methods are included in the model file, thus these flags will be ignored.
  30708 valid individuals to be included.
Error: can't read header in [/home/hpcwan1/rds/hpc-work/project/gwas_fg/results/GWAS/region_g2/node_41/r_HCP_GWAS_model_node41.fastGWA.mdl.bin].
An error occurs, please check the options or data
*******************************************************************
* Genome-wide Complex Trait Analysis (GCTA)
* version v1.94.1 Linux
* Built at Nov 15 2022 21:14:25, by GCC 8.5
* (C) 2010-present, Yang Lab, Westlake University
* Please report bugs to Jian Yang <jian.yang@westlake.edu.cn>
*******************************************************************
Analysis started at 09:47:41 GMT on Fri Dec 08 2023.
Hostname: cpu-p-233

Options: 
 
--fastGWA-mlm 
--mbfile /home/hpcwan1/rds/hpc-work/project/gwas_fg/data/genetics_data/Fast_GWAS_pathfile.txt 
--grm-sparse /home/hpcwan1/rds/hpc-work/project/gwas_fg/data/genetics_data/Neuroimaging_samples/sp_grm 
--pheno /home/hpcwan1/rds/hpc-work/project/gwas_fg/results/GWAS/region_g2/r_HCP_forGWAS.txt 
--mpheno 43 
--qcovar /home/hpcwan1/rds/hpc-work/project/gwas_fg/data/genetics_data/WMqcovar.txt 
--covar /home/hpcwan1/rds/hpc-work/project/gwas_fg/data/genetics_data/WMcovardiscrete.txt 
--threads 20 
--out /home/hpcwan1/rds/hpc-work/project/gwas_fg/results/GWAS/region_g2/node_42/r_HCP_GWAS_auto_node42 

The program will be running with up to 20 threads.
*******************************************************************
slurmstepd: error: *** JOB 36908092 ON cpu-p-233 CANCELLED AT 2023-12-08T19:42:30 DUE TO TIME LIMIT ***
