Traceback (most recent call last):
  File "/home/hpcwan1/rds/hpc-work/project/gwas_fg/scripts/python/py06_prepare_pheno_GWAS_region.py", line 37, in <module>
    df_save.to_csv('/home/hpcwan1/rds/hpc-work/project/gwas_fg/results/GWAS/region_g'+str(grad)+'/'+align_type+'_forGWAS.txt', 
  File "/home/hpcwan1/rds/hpc-work/software/anaconda3/envs/GWAS/lib/python3.8/site-packages/pandas/core/generic.py", line 3772, in to_csv
    return DataFrameRenderer(formatter).to_csv(
  File "/home/hpcwan1/rds/hpc-work/software/anaconda3/envs/GWAS/lib/python3.8/site-packages/pandas/io/formats/format.py", line 1186, in to_csv
    csv_formatter.save()
  File "/home/hpcwan1/rds/hpc-work/software/anaconda3/envs/GWAS/lib/python3.8/site-packages/pandas/io/formats/csvs.py", line 240, in save
    with get_handle(
  File "/home/hpcwan1/rds/hpc-work/software/anaconda3/envs/GWAS/lib/python3.8/site-packages/pandas/io/common.py", line 737, in get_handle
    check_parent_directory(str(handle))
  File "/home/hpcwan1/rds/hpc-work/software/anaconda3/envs/GWAS/lib/python3.8/site-packages/pandas/io/common.py", line 600, in check_parent_directory
    raise OSError(rf"Cannot save file into a non-existent directory: '{parent}'")
OSError: Cannot save file into a non-existent directory: '/home/hpcwan1/rds/hpc-work/project/gwas_fg/results/GWAS/region_g3'
/home/hpcwan1/rds/hpc-work/project/gwas_fg/scripts/bash/run05_regional_h2.sh: line 17: /home/hpcwan1/rds/hpc-work/project/gwas_fg/results/GWAS/region_g3/log_r_HCP.log: No such file or directory
/home/hpcwan1/rds/hpc-work/project/gwas_fg/scripts/bash/run05_regional_h2.sh: line 18: /home/hpcwan1/rds/hpc-work/project/gwas_fg/results/GWAS/region_g3/log_r_HCP.log: No such file or directory
*******************************************************************
* Genome-wide Complex Trait Analysis (GCTA)
* version v1.94.1 Linux
* Built at Nov 15 2022 21:14:25, by GCC 8.5
* (C) 2010-present, Yang Lab, Westlake University
* Please report bugs to Jian Yang <jian.yang@westlake.edu.cn>
*******************************************************************
Analysis started at 18:58:38 GMT on Thu Feb 29 2024.
Hostname: cpu-p-217

Error: --pheno /home/hpcwan1/rds/hpc-work/project/gwas_fg/results/GWAS/region_g3/r_HCP_forGWAS.txt not found
An error occurs, please check the options or data
