*******************************************************************
* Genome-wide Complex Trait Analysis (GCTA)
* version v1.94.1 Linux
* Built at Nov 15 2022 21:14:25, by GCC 8.5
* (C) 2010-present, Yang Lab, Westlake University
* Please report bugs to Jian Yang <jian.yang@westlake.edu.cn>
*******************************************************************
Analysis started at 17:59:10 GMT on Sun Feb 04 2024.
Hostname: cpu-p-69

Accepted options:
--reml
--grm /home/hpcwan1/rds/hpc-work/project/gwas_fg/data/genetics_data/Neuroimaging_samples/full_grm
--pheno /home/hpcwan1/rds/hpc-work/project/gwas_fg/results/GWAS/region_g2/r_HCP_forGWAS.txt
--mpheno 75
--reml-pred-rand
--qcovar /home/hpcwan1/rds/hpc-work/project/gwas_fg/data/genetics_data/WMqcovar.txt
--covar /home/hpcwan1/rds/hpc-work/project/gwas_fg/data/genetics_data/WMcovardiscrete.txt
--threads 10
--out /home/hpcwan1/rds/hpc-work/project/gwas_fg/results/GWAS/region_g2/node_74/r_HCP_h2_node_74

Note: the program will be running on 10 threads.

Reading IDs of the GRM from [/home/hpcwan1/rds/hpc-work/project/gwas_fg/data/genetics_data/Neuroimaging_samples/full_grm.grm.id].
31797 IDs are read from [/home/hpcwan1/rds/hpc-work/project/gwas_fg/data/genetics_data/Neuroimaging_samples/full_grm.grm.id].
Reading the GRM from [/home/hpcwan1/rds/hpc-work/project/gwas_fg/data/genetics_data/Neuroimaging_samples/full_grm.grm.bin].
GRM for 31797 individuals are included from [/home/hpcwan1/rds/hpc-work/project/gwas_fg/data/genetics_data/Neuroimaging_samples/full_grm.grm.bin].
Reading phenotypes from [/home/hpcwan1/rds/hpc-work/project/gwas_fg/results/GWAS/region_g2/r_HCP_forGWAS.txt].
There are 361 traits specified in the file [/home/hpcwan1/rds/hpc-work/project/gwas_fg/results/GWAS/region_g2/r_HCP_forGWAS.txt].
Trait #75 is included for analysis.
Non-missing phenotypes of 35083 individuals are included from [/home/hpcwan1/rds/hpc-work/project/gwas_fg/results/GWAS/region_g2/r_HCP_forGWAS.txt].
Reading quantitative covariate(s) from [/home/hpcwan1/rds/hpc-work/project/gwas_fg/data/genetics_data/WMqcovar.txt].
47 quantitative covariate(s) of 31798 individuals are included from [/home/hpcwan1/rds/hpc-work/project/gwas_fg/data/genetics_data/WMqcovar.txt].
Reading discrete covariate(s) from [/home/hpcwan1/rds/hpc-work/project/gwas_fg/data/genetics_data/WMcovardiscrete.txt].
2 discrete covariate(s) of 31798 individuals are included from [/home/hpcwan1/rds/hpc-work/project/gwas_fg/data/genetics_data/WMcovardiscrete.txt].

47 quantitative variable(s) included as covariate(s).
2 discrete variable(s) included as covariate(s).
30716 individuals are in common in these files.

Performing  REML analysis ... (Note: may take hours depending on sample size).
30716 observations, 51 fixed effect(s), and 2 variance component(s)(including residual variance).
Calculating prior values of variance components by EM-REML ...
Updated prior values:  0.00046851 0.000483747
logL: 91217.3
Running AI-REML algorithm ...
Iter.	logL	V(G)	V(e)	
1	91230.43	0.00033	0.00060	
2	91334.95	0.00025	0.00068	
3	91383.81	0.00019	0.00074	
4	91406.61	0.00016	0.00077	
5	91417.30	0.00013	0.00080	
6	91422.33	0.00012	0.00081	
7	91424.72	0.00010	0.00083	
8	91425.85	0.00010	0.00083	
9	91426.40	0.00009	0.00084	
10	91426.66	0.00008	0.00085	
11	91426.90	0.00008	0.00085	
12	91426.90	0.00008	0.00085	
13	91426.90	0.00008	0.00085	
Log-likelihood ratio converged.

Calculating the logLikelihood for the reduced model ...
(variance component 1 is dropped from the model)
Calculating prior values of variance components by EM-REML ...
Updated prior values: 0.00093
logL: 91415.14918
Running AI-REML algorithm ...
Iter.	logL	V(e)	
1	91415.46	0.00093	
2	91415.46	0.00093	
Log-likelihood ratio converged.

Summary result of REML analysis:
Source	Variance	SE
V(G)	0.000080	0.000017
V(e)	0.000852	0.000018
Vp	0.000932	0.000008
V(G)/Vp	0.085513	0.018279

Sampling variance/covariance of the estimates of variance components:
2.915451e-10	-2.810166e-10	
-2.810166e-10	3.272393e-10	

Summary result of REML analysis has been saved in the file [/home/hpcwan1/rds/hpc-work/project/gwas_fg/results/GWAS/region_g2/node_74/r_HCP_h2_node_74.hsq].

BLUP solutions of the genetic effects for 30716 individuals have been saved in the file [/home/hpcwan1/rds/hpc-work/project/gwas_fg/results/GWAS/region_g2/node_74/r_HCP_h2_node_74.indi.blp].

Analysis finished at 18:33:20 GMT on Sun Feb 04 2024
Overall computational time: 34 minutes 10 sec.
