*******************************************************************
* Genome-wide Complex Trait Analysis (GCTA)
* version v1.94.1 Linux
* Built at Nov 15 2022 21:14:25, by GCC 8.5
* (C) 2010-present, Yang Lab, Westlake University
* Please report bugs to Jian Yang <jian.yang@westlake.edu.cn>
*******************************************************************
Analysis started at 18:21:21 GMT on Sun Feb 04 2024.
Hostname: cpu-p-320

Accepted options:
--reml
--grm /home/hpcwan1/rds/hpc-work/project/gwas_fg/data/genetics_data/Neuroimaging_samples/full_grm
--pheno /home/hpcwan1/rds/hpc-work/project/gwas_fg/results/GWAS/region_g2/r_HCP_forGWAS.txt
--mpheno 95
--reml-pred-rand
--qcovar /home/hpcwan1/rds/hpc-work/project/gwas_fg/data/genetics_data/WMqcovar.txt
--covar /home/hpcwan1/rds/hpc-work/project/gwas_fg/data/genetics_data/WMcovardiscrete.txt
--threads 10
--out /home/hpcwan1/rds/hpc-work/project/gwas_fg/results/GWAS/region_g2/node_94/r_HCP_h2_node_94

Note: the program will be running on 10 threads.

Reading IDs of the GRM from [/home/hpcwan1/rds/hpc-work/project/gwas_fg/data/genetics_data/Neuroimaging_samples/full_grm.grm.id].
31797 IDs are read from [/home/hpcwan1/rds/hpc-work/project/gwas_fg/data/genetics_data/Neuroimaging_samples/full_grm.grm.id].
Reading the GRM from [/home/hpcwan1/rds/hpc-work/project/gwas_fg/data/genetics_data/Neuroimaging_samples/full_grm.grm.bin].
GRM for 31797 individuals are included from [/home/hpcwan1/rds/hpc-work/project/gwas_fg/data/genetics_data/Neuroimaging_samples/full_grm.grm.bin].
Reading phenotypes from [/home/hpcwan1/rds/hpc-work/project/gwas_fg/results/GWAS/region_g2/r_HCP_forGWAS.txt].
There are 361 traits specified in the file [/home/hpcwan1/rds/hpc-work/project/gwas_fg/results/GWAS/region_g2/r_HCP_forGWAS.txt].
Trait #95 is included for analysis.
Non-missing phenotypes of 35083 individuals are included from [/home/hpcwan1/rds/hpc-work/project/gwas_fg/results/GWAS/region_g2/r_HCP_forGWAS.txt].
Reading quantitative covariate(s) from [/home/hpcwan1/rds/hpc-work/project/gwas_fg/data/genetics_data/WMqcovar.txt].
47 quantitative covariate(s) of 31798 individuals are included from [/home/hpcwan1/rds/hpc-work/project/gwas_fg/data/genetics_data/WMqcovar.txt].
Reading discrete covariate(s) from [/home/hpcwan1/rds/hpc-work/project/gwas_fg/data/genetics_data/WMcovardiscrete.txt].
2 discrete covariate(s) of 31798 individuals are included from [/home/hpcwan1/rds/hpc-work/project/gwas_fg/data/genetics_data/WMcovardiscrete.txt].

47 quantitative variable(s) included as covariate(s).
2 discrete variable(s) included as covariate(s).
30716 individuals are in common in these files.

Performing  REML analysis ... (Note: may take hours depending on sample size).
30716 observations, 51 fixed effect(s), and 2 variance component(s)(including residual variance).
Calculating prior values of variance components by EM-REML ...
Updated prior values: 0.000483613 0.000500622
logL: 90699.3
Running AI-REML algorithm ...
Iter.	logL	V(G)	V(e)	
1	90714.23	0.00033	0.00063	
2	90837.75	0.00024	0.00072	
3	90894.79	0.00018	0.00078	
4	90921.04	0.00014	0.00082	
5	90933.18	0.00011	0.00085	
6	90938.83	0.00009	0.00087	
7	90941.48	0.00008	0.00088	
8	90942.73	0.00007	0.00089	
9	90943.32	0.00007	0.00089	
10	90943.60	0.00005	0.00091	
11	90943.86	0.00005	0.00091	
12	90943.86	0.00005	0.00091	
13	90943.86	0.00005	0.00091	
Log-likelihood ratio converged.

Calculating the logLikelihood for the reduced model ...
(variance component 1 is dropped from the model)
Calculating prior values of variance components by EM-REML ...
Updated prior values: 0.00096
logL: 90938.32500
Running AI-REML algorithm ...
Iter.	logL	V(e)	
1	90938.76	0.00096	
2	90938.76	0.00096	
Log-likelihood ratio converged.

Summary result of REML analysis:
Source	Variance	SE
V(G)	0.000054	0.000017
V(e)	0.000907	0.000018
Vp	0.000961	0.000008
V(G)/Vp	0.056272	0.017821

Sampling variance/covariance of the estimates of variance components:
2.941078e-10	-2.867521e-10	
-2.867521e-10	3.397154e-10	

Summary result of REML analysis has been saved in the file [/home/hpcwan1/rds/hpc-work/project/gwas_fg/results/GWAS/region_g2/node_94/r_HCP_h2_node_94.hsq].

BLUP solutions of the genetic effects for 30716 individuals have been saved in the file [/home/hpcwan1/rds/hpc-work/project/gwas_fg/results/GWAS/region_g2/node_94/r_HCP_h2_node_94.indi.blp].

Analysis finished at 18:46:26 GMT on Sun Feb 04 2024
Overall computational time: 25 minutes 4 sec.
