*******************************************************************
* Genome-wide Complex Trait Analysis (GCTA)
* version v1.94.1 Linux
* Built at Nov 15 2022 21:14:25, by GCC 8.5
* (C) 2010-present, Yang Lab, Westlake University
* Please report bugs to Jian Yang <jian.yang@westlake.edu.cn>
*******************************************************************
Analysis started at 09:42:23 GMT on Fri Dec 08 2023.
Hostname: cpu-p-59

Options: 
 
--fastGWA-mlm 
--mbfile /home/hpcwan1/rds/hpc-work/project/gwas_fg/data/genetics_data/Fast_GWAS_pathfile.txt 
--grm-sparse /home/hpcwan1/rds/hpc-work/project/gwas_fg/data/genetics_data/Neuroimaging_samples/sp_grm 
--pheno /home/hpcwan1/rds/hpc-work/project/gwas_fg/results/GWAS/region_g3/r_raw_UKB_forGWAS.txt 
--mpheno 40 
--qcovar /home/hpcwan1/rds/hpc-work/project/gwas_fg/data/genetics_data/WMqcovar.txt 
--covar /home/hpcwan1/rds/hpc-work/project/gwas_fg/data/genetics_data/WMcovardiscrete.txt 
--threads 20 
--out /home/hpcwan1/rds/hpc-work/project/gwas_fg/results/GWAS/region_g3/node_39/r_raw_UKB_GWAS_auto_node39 

The program will be running with up to 20 threads.
Reading PLINK sample file from [/home/hpcwan1/rds/hpc-work/project/gwas_fg/data/genetics_data/Neuroimaging_samples/ukbchr_v2_r2correct_v2_1.fam]...
31797 individuals to be included from the sample file.
Checking other sample files...
  All the files checked are OK.
Reading phenotype data from [/home/hpcwan1/rds/hpc-work/project/gwas_fg/results/GWAS/region_g3/r_raw_UKB_forGWAS.txt]...
24281 overlapping individuals with non-missing data to be included from the phenotype file.
24281 individuals to be included. 11217 males, 13064 females, 0 unknown.
Reading PLINK BIM file from [/home/hpcwan1/rds/hpc-work/project/gwas_fg/data/genetics_data/Neuroimaging_samples/ukbchr_v2_r2correct_v2_1.bim]...
1263308 SNPs to be included from BIM file(s).
Reading PLINK BIM file from [/home/hpcwan1/rds/hpc-work/project/gwas_fg/data/genetics_data/Neuroimaging_samples/ukbchr_v2_r2correct_v2_2.bim]...
2620714 SNPs to be included from BIM file(s).
Reading PLINK BIM file from [/home/hpcwan1/rds/hpc-work/project/gwas_fg/data/genetics_data/Neuroimaging_samples/ukbchr_v2_r2correct_v2_3.bim]...
3755293 SNPs to be included from BIM file(s).
Reading PLINK BIM file from [/home/hpcwan1/rds/hpc-work/project/gwas_fg/data/genetics_data/Neuroimaging_samples/ukbchr_v2_r2correct_v2_4.bim]...
4912427 SNPs to be included from BIM file(s).
Reading PLINK BIM file from [/home/hpcwan1/rds/hpc-work/project/gwas_fg/data/genetics_data/Neuroimaging_samples/ukbchr_v2_r2correct_v2_5.bim]...
5944879 SNPs to be included from BIM file(s).
Reading PLINK BIM file from [/home/hpcwan1/rds/hpc-work/project/gwas_fg/data/genetics_data/Neuroimaging_samples/ukbchr_v2_r2correct_v2_6.bim]...
6994439 SNPs to be included from BIM file(s).
Reading PLINK BIM file from [/home/hpcwan1/rds/hpc-work/project/gwas_fg/data/genetics_data/Neuroimaging_samples/ukbchr_v2_r2correct_v2_7.bim]...
7933805 SNPs to be included from BIM file(s).
Reading PLINK BIM file from [/home/hpcwan1/rds/hpc-work/project/gwas_fg/data/genetics_data/Neuroimaging_samples/ukbchr_v2_r2correct_v2_8.bim]...
8819258 SNPs to be included from BIM file(s).
Reading PLINK BIM file from [/home/hpcwan1/rds/hpc-work/project/gwas_fg/data/genetics_data/Neuroimaging_samples/ukbchr_v2_r2correct_v2_9.bim]...
9511308 SNPs to be included from BIM file(s).
Reading PLINK BIM file from [/home/hpcwan1/rds/hpc-work/project/gwas_fg/data/genetics_data/Neuroimaging_samples/ukbchr_v2_r2correct_v2_10.bim]...
10318751 SNPs to be included from BIM file(s).
Reading PLINK BIM file from [/home/hpcwan1/rds/hpc-work/project/gwas_fg/data/genetics_data/Neuroimaging_samples/ukbchr_v2_r2correct_v2_11.bim]...
11105282 SNPs to be included from BIM file(s).
Reading PLINK BIM file from [/home/hpcwan1/rds/hpc-work/project/gwas_fg/data/genetics_data/Neuroimaging_samples/ukbchr_v2_r2correct_v2_12.bim]...
11870800 SNPs to be included from BIM file(s).
Reading PLINK BIM file from [/home/hpcwan1/rds/hpc-work/project/gwas_fg/data/genetics_data/Neuroimaging_samples/ukbchr_v2_r2correct_v2_13.bim]...
12450029 SNPs to be included from BIM file(s).
Reading PLINK BIM file from [/home/hpcwan1/rds/hpc-work/project/gwas_fg/data/genetics_data/Neuroimaging_samples/ukbchr_v2_r2correct_v2_14.bim]...
12972984 SNPs to be included from BIM file(s).
Reading PLINK BIM file from [/home/hpcwan1/rds/hpc-work/project/gwas_fg/data/genetics_data/Neuroimaging_samples/ukbchr_v2_r2correct_v2_15.bim]...
13435085 SNPs to be included from BIM file(s).
Reading PLINK BIM file from [/home/hpcwan1/rds/hpc-work/project/gwas_fg/data/genetics_data/Neuroimaging_samples/ukbchr_v2_r2correct_v2_16.bim]...
13945292 SNPs to be included from BIM file(s).
Reading PLINK BIM file from [/home/hpcwan1/rds/hpc-work/project/gwas_fg/data/genetics_data/Neuroimaging_samples/ukbchr_v2_r2correct_v2_17.bim]...
14392996 SNPs to be included from BIM file(s).
Reading PLINK BIM file from [/home/hpcwan1/rds/hpc-work/project/gwas_fg/data/genetics_data/Neuroimaging_samples/ukbchr_v2_r2correct_v2_18.bim]...
14848032 SNPs to be included from BIM file(s).
Reading PLINK BIM file from [/home/hpcwan1/rds/hpc-work/project/gwas_fg/data/genetics_data/Neuroimaging_samples/ukbchr_v2_r2correct_v2_19.bim]...
15222055 SNPs to be included from BIM file(s).
Reading PLINK BIM file from [/home/hpcwan1/rds/hpc-work/project/gwas_fg/data/genetics_data/Neuroimaging_samples/ukbchr_v2_r2correct_v2_20.bim]...
15578065 SNPs to be included from BIM file(s).
Reading PLINK BIM file from [/home/hpcwan1/rds/hpc-work/project/gwas_fg/data/genetics_data/Neuroimaging_samples/ukbchr_v2_r2correct_v2_21.bim]...
15795966 SNPs to be included from BIM file(s).
Reading PLINK BIM file from [/home/hpcwan1/rds/hpc-work/project/gwas_fg/data/genetics_data/Neuroimaging_samples/ukbchr_v2_r2correct_v2_22.bim]...
16018073 SNPs to be included from BIM file(s).
Reading PLINK BIM file from [/home/hpcwan1/rds/hpc-work/project/gwas_fg/data/genetics_data/Neuroimaging_samples/ukbchr_v2_r2correct_X.bim]...
16346495 SNPs to be included from BIM file(s).
Reading quantitative covariates from [/home/hpcwan1/rds/hpc-work/project/gwas_fg/data/genetics_data/WMqcovar.txt].
47 covariates of 31797 samples to be included.
Reading discrete covariates from [/home/hpcwan1/rds/hpc-work/project/gwas_fg/data/genetics_data/WMcovardiscrete.txt].
2 covariates of 31797 samples to be included.
47 qcovar, 2 covar and 0 rcovar to be included.
31797 common individuals among the covariate files to be included.
24281 overlapping individuals with non-missing data to be included from the covariate file(s).
Reading the sparse GRM file from [/home/hpcwan1/rds/hpc-work/project/gwas_fg/data/genetics_data/Neuroimaging_samples/sp_grm]...
After matching all the files, 24281 individuals to be included in the analysis.
Estimating the genetic variance (Vg) by fastGWA-REML (grid search)...
Iteration 1, step size: 2.61698e-05, logL: 65743.4. Vg: 0.000366378, searching range: 0.000340208 to 0.000392547
Iteration 2, step size: 3.48931e-06, logL: 65743.4. Vg: 0.000371612, searching range: 0.000368122 to 0.000375101
Iteration 3, step size: 4.65241e-07, logL: 65743.4. Vg: 0.000371844, searching range: 0.000371379 to 0.000372309
Iteration 4, step size: 6.20322e-08, logL: 65743.4. Vg: 0.000371813, searching range: 0.000371751 to 0.000371875
Iteration 5, step size: 8.27096e-09, logL: 65743.4. Vg: 0.000371817, searching range: 0.000371809 to 0.000371826
Iteration 6, step size: 1.10279e-09, logL: 65743.4. Vg: 0.000371823, searching range: 0.000371822 to 0.000371824
Iteration 7, step size: 1.47039e-10, logL: 65743.4. Vg: 0.000371824, searching range: 0.000371824 to 0.000371824
Iteration 8, step size: 1.96052e-11, logL: 65743.4. Vg: 0.000371824, searching range: 0.000371824 to 0.000371824
Iteration 9, step size: 2.61403e-12, logL: 65743.4. Vg: 0.000371824, searching range: 0.000371824 to 0.000371824
Iteration 10, step size: 3.48538e-13, logL: 65743.4. Vg: 0.000371824, searching range: 0.000371824 to 0.000371824
Iteration 11, step size: 4.64717e-14, logL: 65743.4. Vg: 0.000371824, searching range: 0.000371824 to 0.000371824
Iteration 12, step size: 6.19622e-15, logL: 65743.4. Vg: 0.000371824, searching range: 0.000371824 to 0.000371824
Iteration 13, step size: 8.26162e-16, logL: 65743.4. Vg: 0.000371824, searching range: 0.000371824 to 0.000371824
fastGWA-REML converged.
logL: 65743.4
Sampling variance/covariance of the estimates of Vg and Ve:
 4.51357e-08 -4.50413e-08
-4.50413e-08  4.51673e-08

Source	Variance	SE
Vg	0.000371824	0.000212452
Ve	0.00126379	0.000212526
Vp	0.00163561

Heritability = 0.22733 (Pval = 0.0800913)
fastGWA-REML runtime: 0.15268 sec.
Warning: the estimate of Vg is not statistically significant (i.e., p > 0.05). This is likely because the number of closely related individuals in the sample is not large enough. 
In this case, the program will use linear regression for association test.

Performing fastGWA linear regression analysis...
fastGWA results will be saved in text format to [/home/hpcwan1/rds/hpc-work/project/gwas_fg/results/GWAS/region_g3/node_39/r_raw_UKB_GWAS_auto_node39.fastGWA].
  Filtering out variants with MAF < 0.0001, or customise it with --maf flag.
  Filtering out variants with missingness rate > 0.10, or customise it with --geno flag.
Unexpected PLINK 1 .bed file size (expected 2610954903 bytes).

*******************************************************************
* Genome-wide Complex Trait Analysis (GCTA)
* version v1.94.1 Linux
* Built at Nov 15 2022 21:14:25, by GCC 8.5
* (C) 2010-present, Yang Lab, Westlake University
* Please report bugs to Jian Yang <jian.yang@westlake.edu.cn>
*******************************************************************
Analysis started at 09:46:33 GMT on Fri Dec 08 2023.
Hostname: cpu-p-59

Options: 
 
--fastGWA-mlm 
--mbfile /home/hpcwan1/rds/hpc-work/project/gwas_fg/data/genetics_data/Fast_GWAS_pathfile.txt 
--grm-sparse /home/hpcwan1/rds/hpc-work/project/gwas_fg/data/genetics_data/Neuroimaging_samples/sp_grm 
--pheno /home/hpcwan1/rds/hpc-work/project/gwas_fg/results/GWAS/region_g3/r_raw_UKB_forGWAS.txt 
--mpheno 40 
--qcovar /home/hpcwan1/rds/hpc-work/project/gwas_fg/data/genetics_data/WMqcovar.txt 
--covar /home/hpcwan1/rds/hpc-work/project/gwas_fg/data/genetics_data/WMcovardiscrete.txt 
--threads 20 
--model-only 
--keep /home/hpcwan1/rds/hpc-work/project/gwas_fg/data/genetics_data/Neuroimaging_samples/chrX.idlist 
--out /home/hpcwan1/rds/hpc-work/project/gwas_fg/results/GWAS/region_g3/node_39/r_raw_UKB_GWAS_model_node39 

The program will be running with up to 20 threads.
Reading PLINK sample file from [/home/hpcwan1/rds/hpc-work/project/gwas_fg/data/genetics_data/Neuroimaging_samples/ukbchr_v2_r2correct_v2_1.fam]...
31797 individuals to be included from the sample file.
Checking other sample files...
  All the files checked are OK.
Get 31791 samples from list [/home/hpcwan1/rds/hpc-work/project/gwas_fg/data/genetics_data/Neuroimaging_samples/chrX.idlist].
After keeping individuals, 31791 subjects remain.
Reading phenotype data from [/home/hpcwan1/rds/hpc-work/project/gwas_fg/results/GWAS/region_g3/r_raw_UKB_forGWAS.txt]...
slurmstepd: error: *** JOB 36908090 ON cpu-p-59 CANCELLED AT 2023-12-08T19:42:30 DUE TO TIME LIMIT ***
