*******************************************************************
* Genome-wide Complex Trait Analysis (GCTA)
* version v1.94.1 Linux
* Built at Nov 15 2022 21:14:25, by GCC 8.5
* (C) 2010-present, Yang Lab, Westlake University
* Please report bugs to Jian Yang <jian.yang@westlake.edu.cn>
*******************************************************************
Analysis started at 05:17:03 GMT on Mon Mar 04 2024.
Hostname: cpu-p-236

Accepted options:
--reml
--grm /home/hpcwan1/rds/hpc-work/project/gwas_fg/data/genetics_data/Neuroimaging_samples/full_grm
--pheno /home/hpcwan1/rds/hpc-work/project/gwas_fg/results/GWAS/region_g3/r_HCP_forGWAS.txt
--mpheno 321
--reml-pred-rand
--qcovar /home/hpcwan1/rds/hpc-work/project/gwas_fg/data/genetics_data/WMqcovar.txt
--covar /home/hpcwan1/rds/hpc-work/project/gwas_fg/data/genetics_data/WMcovardiscrete.txt
--threads 20
--out /home/hpcwan1/rds/hpc-work/project/gwas_fg/results/GWAS/region_g3/node_320/r_HCP_h2_node_320

Note: the program will be running on 20 threads.

Reading IDs of the GRM from [/home/hpcwan1/rds/hpc-work/project/gwas_fg/data/genetics_data/Neuroimaging_samples/full_grm.grm.id].
31797 IDs are read from [/home/hpcwan1/rds/hpc-work/project/gwas_fg/data/genetics_data/Neuroimaging_samples/full_grm.grm.id].
Reading the GRM from [/home/hpcwan1/rds/hpc-work/project/gwas_fg/data/genetics_data/Neuroimaging_samples/full_grm.grm.bin].
GRM for 31797 individuals are included from [/home/hpcwan1/rds/hpc-work/project/gwas_fg/data/genetics_data/Neuroimaging_samples/full_grm.grm.bin].
Reading phenotypes from [/home/hpcwan1/rds/hpc-work/project/gwas_fg/results/GWAS/region_g3/r_HCP_forGWAS.txt].
There are 361 traits specified in the file [/home/hpcwan1/rds/hpc-work/project/gwas_fg/results/GWAS/region_g3/r_HCP_forGWAS.txt].
Trait #321 is included for analysis.
Non-missing phenotypes of 35083 individuals are included from [/home/hpcwan1/rds/hpc-work/project/gwas_fg/results/GWAS/region_g3/r_HCP_forGWAS.txt].
Reading quantitative covariate(s) from [/home/hpcwan1/rds/hpc-work/project/gwas_fg/data/genetics_data/WMqcovar.txt].
47 quantitative covariate(s) of 31798 individuals are included from [/home/hpcwan1/rds/hpc-work/project/gwas_fg/data/genetics_data/WMqcovar.txt].
Reading discrete covariate(s) from [/home/hpcwan1/rds/hpc-work/project/gwas_fg/data/genetics_data/WMcovardiscrete.txt].
2 discrete covariate(s) of 31798 individuals are included from [/home/hpcwan1/rds/hpc-work/project/gwas_fg/data/genetics_data/WMcovardiscrete.txt].

47 quantitative variable(s) included as covariate(s).
2 discrete variable(s) included as covariate(s).
30716 individuals are in common in these files.

Performing  REML analysis ... (Note: may take hours depending on sample size).
30716 observations, 51 fixed effect(s), and 2 variance component(s)(including residual variance).
Calculating prior values of variance components by EM-REML ...
Updated prior values:  0.0011193 0.00115083
logL: 77958.6
Running AI-REML algorithm ...
Iter.	logL	V(G)	V(e)	
1	77967.42	0.00085	0.00139	
2	78044.42	0.00068	0.00155	
3	78079.83	0.00056	0.00166	
4	78096.12	0.00049	0.00173	
5	78103.65	0.00044	0.00178	
6	78107.15	0.00041	0.00182	
7	78108.78	0.00038	0.00184	
8	78109.55	0.00037	0.00186	
9	78109.91	0.00033	0.00189	
10	78110.23	0.00033	0.00189	
11	78110.23	0.00033	0.00189	
Log-likelihood ratio converged.

Calculating the logLikelihood for the reduced model ...
(variance component 1 is dropped from the model)
Calculating prior values of variance components by EM-REML ...
Updated prior values: 0.00222
logL: 78073.77262
Running AI-REML algorithm ...
Iter.	logL	V(e)	
1	78074.38	0.00222	
2	78074.38	0.00222	
Log-likelihood ratio converged.

Summary result of REML analysis:
Source	Variance	SE
V(G)	0.000335	0.000042
V(e)	0.001890	0.000043
Vp	0.002225	0.000018
V(G)/Vp	0.150406	0.018807

Sampling variance/covariance of the estimates of variance components:
1.775126e-09	-1.669913e-09	
-1.669913e-09	1.889350e-09	

Summary result of REML analysis has been saved in the file [/home/hpcwan1/rds/hpc-work/project/gwas_fg/results/GWAS/region_g3/node_320/r_HCP_h2_node_320.hsq].

BLUP solutions of the genetic effects for 30716 individuals have been saved in the file [/home/hpcwan1/rds/hpc-work/project/gwas_fg/results/GWAS/region_g3/node_320/r_HCP_h2_node_320.indi.blp].

Analysis finished at 05:32:26 GMT on Mon Mar 04 2024
Overall computational time: 15 minutes 22 sec.
