*******************************************************************
* Genome-wide Complex Trait Analysis (GCTA)
* version v1.94.1 Linux
* Built at Nov 15 2022 21:14:25, by GCC 8.5
* (C) 2010-present, Yang Lab, Westlake University
* Please report bugs to Jian Yang <jian.yang@westlake.edu.cn>
*******************************************************************
Analysis started at 05:01:29 GMT on Mon Mar 04 2024.
Hostname: cpu-p-69

Accepted options:
--reml
--grm /home/hpcwan1/rds/hpc-work/project/gwas_fg/data/genetics_data/Neuroimaging_samples/full_grm
--pheno /home/hpcwan1/rds/hpc-work/project/gwas_fg/results/GWAS/region_g3/r_HCP_forGWAS.txt
--mpheno 303
--reml-pred-rand
--qcovar /home/hpcwan1/rds/hpc-work/project/gwas_fg/data/genetics_data/WMqcovar.txt
--covar /home/hpcwan1/rds/hpc-work/project/gwas_fg/data/genetics_data/WMcovardiscrete.txt
--threads 20
--out /home/hpcwan1/rds/hpc-work/project/gwas_fg/results/GWAS/region_g3/node_302/r_HCP_h2_node_302

Note: the program will be running on 20 threads.

Reading IDs of the GRM from [/home/hpcwan1/rds/hpc-work/project/gwas_fg/data/genetics_data/Neuroimaging_samples/full_grm.grm.id].
31797 IDs are read from [/home/hpcwan1/rds/hpc-work/project/gwas_fg/data/genetics_data/Neuroimaging_samples/full_grm.grm.id].
Reading the GRM from [/home/hpcwan1/rds/hpc-work/project/gwas_fg/data/genetics_data/Neuroimaging_samples/full_grm.grm.bin].
GRM for 31797 individuals are included from [/home/hpcwan1/rds/hpc-work/project/gwas_fg/data/genetics_data/Neuroimaging_samples/full_grm.grm.bin].
Reading phenotypes from [/home/hpcwan1/rds/hpc-work/project/gwas_fg/results/GWAS/region_g3/r_HCP_forGWAS.txt].
There are 361 traits specified in the file [/home/hpcwan1/rds/hpc-work/project/gwas_fg/results/GWAS/region_g3/r_HCP_forGWAS.txt].
Trait #303 is included for analysis.
Non-missing phenotypes of 35083 individuals are included from [/home/hpcwan1/rds/hpc-work/project/gwas_fg/results/GWAS/region_g3/r_HCP_forGWAS.txt].
Reading quantitative covariate(s) from [/home/hpcwan1/rds/hpc-work/project/gwas_fg/data/genetics_data/WMqcovar.txt].
47 quantitative covariate(s) of 31798 individuals are included from [/home/hpcwan1/rds/hpc-work/project/gwas_fg/data/genetics_data/WMqcovar.txt].
Reading discrete covariate(s) from [/home/hpcwan1/rds/hpc-work/project/gwas_fg/data/genetics_data/WMcovardiscrete.txt].
2 discrete covariate(s) of 31798 individuals are included from [/home/hpcwan1/rds/hpc-work/project/gwas_fg/data/genetics_data/WMcovardiscrete.txt].

47 quantitative variable(s) included as covariate(s).
2 discrete variable(s) included as covariate(s).
30716 individuals are in common in these files.

Performing  REML analysis ... (Note: may take hours depending on sample size).
30716 observations, 51 fixed effect(s), and 2 variance component(s)(including residual variance).
Calculating prior values of variance components by EM-REML ...
Updated prior values: 0.000452215  0.00047091
logL: 91623.2
Running AI-REML algorithm ...
Iter.	logL	V(G)	V(e)	
1	91644.51	0.00029	0.00061	
2	91808.43	0.00019	0.00071	
3	91881.90	0.00013	0.00077	
4	91914.48	0.00009	0.00081	
5	91928.96	0.00006	0.00083	
6	91935.43	0.00005	0.00085	
7	91938.34	0.00004	0.00086	
8	91939.65	0.00003	0.00087	
9	91940.25	0.00002	0.00088	
10	91940.52	0.00001	0.00089	
11	91940.75	0.00001	0.00089	
12	91940.75	0.00001	0.00089	
13	91940.75	0.00001	0.00089	
Log-likelihood ratio converged.

Calculating the logLikelihood for the reduced model ...
(variance component 1 is dropped from the model)
Calculating prior values of variance components by EM-REML ...
Updated prior values: 0.00090
logL: 91940.10075
Running AI-REML algorithm ...
Iter.	logL	V(e)	
1	91940.30	0.00090	
2	91940.30	0.00090	
Log-likelihood ratio converged.

Summary result of REML analysis:
Source	Variance	SE
V(G)	0.000014	0.000015
V(e)	0.000886	0.000017
Vp	0.000900	0.000007
V(G)/Vp	0.015504	0.016662

Sampling variance/covariance of the estimates of variance components:
2.251366e-10	-2.233052e-10	
-2.233052e-10	2.743563e-10	

Summary result of REML analysis has been saved in the file [/home/hpcwan1/rds/hpc-work/project/gwas_fg/results/GWAS/region_g3/node_302/r_HCP_h2_node_302.hsq].

BLUP solutions of the genetic effects for 30716 individuals have been saved in the file [/home/hpcwan1/rds/hpc-work/project/gwas_fg/results/GWAS/region_g3/node_302/r_HCP_h2_node_302.indi.blp].

Analysis finished at 05:18:47 GMT on Mon Mar 04 2024
Overall computational time: 17 minutes 17 sec.
