*******************************************************************
* Genome-wide Complex Trait Analysis (GCTA)
* version v1.94.1 Linux
* Built at Nov 15 2022 21:14:25, by GCC 8.5
* (C) 2010-present, Yang Lab, Westlake University
* Please report bugs to Jian Yang <jian.yang@westlake.edu.cn>
*******************************************************************
Analysis started at 04:21:38 GMT on Mon Mar 04 2024.
Hostname: cpu-p-70

Accepted options:
--reml
--grm /home/hpcwan1/rds/hpc-work/project/gwas_fg/data/genetics_data/Neuroimaging_samples/full_grm
--pheno /home/hpcwan1/rds/hpc-work/project/gwas_fg/results/GWAS/region_g3/r_HCP_forGWAS.txt
--mpheno 264
--reml-pred-rand
--qcovar /home/hpcwan1/rds/hpc-work/project/gwas_fg/data/genetics_data/WMqcovar.txt
--covar /home/hpcwan1/rds/hpc-work/project/gwas_fg/data/genetics_data/WMcovardiscrete.txt
--threads 20
--out /home/hpcwan1/rds/hpc-work/project/gwas_fg/results/GWAS/region_g3/node_263/r_HCP_h2_node_263

Note: the program will be running on 20 threads.

Reading IDs of the GRM from [/home/hpcwan1/rds/hpc-work/project/gwas_fg/data/genetics_data/Neuroimaging_samples/full_grm.grm.id].
31797 IDs are read from [/home/hpcwan1/rds/hpc-work/project/gwas_fg/data/genetics_data/Neuroimaging_samples/full_grm.grm.id].
Reading the GRM from [/home/hpcwan1/rds/hpc-work/project/gwas_fg/data/genetics_data/Neuroimaging_samples/full_grm.grm.bin].
GRM for 31797 individuals are included from [/home/hpcwan1/rds/hpc-work/project/gwas_fg/data/genetics_data/Neuroimaging_samples/full_grm.grm.bin].
Reading phenotypes from [/home/hpcwan1/rds/hpc-work/project/gwas_fg/results/GWAS/region_g3/r_HCP_forGWAS.txt].
There are 361 traits specified in the file [/home/hpcwan1/rds/hpc-work/project/gwas_fg/results/GWAS/region_g3/r_HCP_forGWAS.txt].
Trait #264 is included for analysis.
Non-missing phenotypes of 35083 individuals are included from [/home/hpcwan1/rds/hpc-work/project/gwas_fg/results/GWAS/region_g3/r_HCP_forGWAS.txt].
Reading quantitative covariate(s) from [/home/hpcwan1/rds/hpc-work/project/gwas_fg/data/genetics_data/WMqcovar.txt].
47 quantitative covariate(s) of 31798 individuals are included from [/home/hpcwan1/rds/hpc-work/project/gwas_fg/data/genetics_data/WMqcovar.txt].
Reading discrete covariate(s) from [/home/hpcwan1/rds/hpc-work/project/gwas_fg/data/genetics_data/WMcovardiscrete.txt].
2 discrete covariate(s) of 31798 individuals are included from [/home/hpcwan1/rds/hpc-work/project/gwas_fg/data/genetics_data/WMcovardiscrete.txt].

47 quantitative variable(s) included as covariate(s).
2 discrete variable(s) included as covariate(s).
30716 individuals are in common in these files.

Performing  REML analysis ... (Note: may take hours depending on sample size).
30716 observations, 51 fixed effect(s), and 2 variance component(s)(including residual variance).
Calculating prior values of variance components by EM-REML ...
Updated prior values: 0.000603207 0.000619819
logL: 87430.8
Running AI-REML algorithm ...
Iter.	logL	V(G)	V(e)	
1	87439.71	0.00046	0.00075	
2	87513.77	0.00037	0.00083	
3	87548.60	0.00031	0.00089	
4	87564.95	0.00027	0.00093	
5	87572.65	0.00024	0.00096	
6	87576.30	0.00022	0.00098	
7	87578.04	0.00021	0.00099	
8	87578.87	0.00020	0.00100	
9	87579.27	0.00018	0.00102	
10	87579.63	0.00018	0.00102	
11	87579.63	0.00018	0.00102	
12	87579.63	0.00018	0.00102	
Log-likelihood ratio converged.

Calculating the logLikelihood for the reduced model ...
(variance component 1 is dropped from the model)
Calculating prior values of variance components by EM-REML ...
Updated prior values: 0.00120
logL: 87546.25960
Running AI-REML algorithm ...
Iter.	logL	V(e)	
1	87546.69	0.00120	
2	87546.69	0.00120	
Log-likelihood ratio converged.

Summary result of REML analysis:
Source	Variance	SE
V(G)	0.000178	0.000023
V(e)	0.001022	0.000024
Vp	0.001200	0.000010
V(G)/Vp	0.148146	0.018983

Sampling variance/covariance of the estimates of variance components:
5.255422e-10	-4.950800e-10	
-4.950800e-10	5.590001e-10	

Summary result of REML analysis has been saved in the file [/home/hpcwan1/rds/hpc-work/project/gwas_fg/results/GWAS/region_g3/node_263/r_HCP_h2_node_263.hsq].

BLUP solutions of the genetic effects for 30716 individuals have been saved in the file [/home/hpcwan1/rds/hpc-work/project/gwas_fg/results/GWAS/region_g3/node_263/r_HCP_h2_node_263.indi.blp].

Analysis finished at 04:37:26 GMT on Mon Mar 04 2024
Overall computational time: 15 minutes 47 sec.
