*******************************************************************
* Genome-wide Complex Trait Analysis (GCTA)
* version v1.94.1 Linux
* Built at Nov 15 2022 21:14:25, by GCC 8.5
* (C) 2010-present, Yang Lab, Westlake University
* Please report bugs to Jian Yang <jian.yang@westlake.edu.cn>
*******************************************************************
Analysis started at 20:56:41 GMT on Sun Feb 04 2024.
Hostname: cpu-p-404

Accepted options:
--reml
--grm /home/hpcwan1/rds/hpc-work/project/gwas_fg/data/genetics_data/Neuroimaging_samples/full_grm
--pheno /home/hpcwan1/rds/hpc-work/project/gwas_fg/results/GWAS/region_g2/r_HCP_forGWAS.txt
--mpheno 269
--reml-pred-rand
--qcovar /home/hpcwan1/rds/hpc-work/project/gwas_fg/data/genetics_data/WMqcovar.txt
--covar /home/hpcwan1/rds/hpc-work/project/gwas_fg/data/genetics_data/WMcovardiscrete.txt
--threads 10
--out /home/hpcwan1/rds/hpc-work/project/gwas_fg/results/GWAS/region_g2/node_268/r_HCP_h2_node_268

Note: the program will be running on 10 threads.

Reading IDs of the GRM from [/home/hpcwan1/rds/hpc-work/project/gwas_fg/data/genetics_data/Neuroimaging_samples/full_grm.grm.id].
31797 IDs are read from [/home/hpcwan1/rds/hpc-work/project/gwas_fg/data/genetics_data/Neuroimaging_samples/full_grm.grm.id].
Reading the GRM from [/home/hpcwan1/rds/hpc-work/project/gwas_fg/data/genetics_data/Neuroimaging_samples/full_grm.grm.bin].
GRM for 31797 individuals are included from [/home/hpcwan1/rds/hpc-work/project/gwas_fg/data/genetics_data/Neuroimaging_samples/full_grm.grm.bin].
Reading phenotypes from [/home/hpcwan1/rds/hpc-work/project/gwas_fg/results/GWAS/region_g2/r_HCP_forGWAS.txt].
There are 361 traits specified in the file [/home/hpcwan1/rds/hpc-work/project/gwas_fg/results/GWAS/region_g2/r_HCP_forGWAS.txt].
Trait #269 is included for analysis.
Non-missing phenotypes of 35083 individuals are included from [/home/hpcwan1/rds/hpc-work/project/gwas_fg/results/GWAS/region_g2/r_HCP_forGWAS.txt].
Reading quantitative covariate(s) from [/home/hpcwan1/rds/hpc-work/project/gwas_fg/data/genetics_data/WMqcovar.txt].
47 quantitative covariate(s) of 31798 individuals are included from [/home/hpcwan1/rds/hpc-work/project/gwas_fg/data/genetics_data/WMqcovar.txt].
Reading discrete covariate(s) from [/home/hpcwan1/rds/hpc-work/project/gwas_fg/data/genetics_data/WMcovardiscrete.txt].
2 discrete covariate(s) of 31798 individuals are included from [/home/hpcwan1/rds/hpc-work/project/gwas_fg/data/genetics_data/WMcovardiscrete.txt].

47 quantitative variable(s) included as covariate(s).
2 discrete variable(s) included as covariate(s).
30716 individuals are in common in these files.

Performing  REML analysis ... (Note: may take hours depending on sample size).
30716 observations, 51 fixed effect(s), and 2 variance component(s)(including residual variance).
Calculating prior values of variance components by EM-REML ...
Updated prior values: 0.000209417 0.000216866
logL: 103571
Running AI-REML algorithm ...
Iter.	logL	V(G)	V(e)	
1	103584.69	0.00014	0.00028	
2	103716.82	0.00010	0.00032	
3	103777.74	0.00007	0.00034	
4	103805.55	0.00005	0.00036	
5	103818.23	0.00004	0.00037	
6	103824.03	0.00003	0.00038	
7	103826.69	0.00003	0.00039	
8	103827.91	0.00003	0.00039	
9	103828.48	0.00002	0.00039	
10	103828.74	0.00002	0.00040	
11	103828.96	0.00002	0.00040	
12	103828.96	0.00002	0.00040	
Log-likelihood ratio converged.

Calculating the logLikelihood for the reduced model ...
(variance component 1 is dropped from the model)
Calculating prior values of variance components by EM-REML ...
Updated prior values: 0.00041
logL: 103823.87598
Running AI-REML algorithm ...
Iter.	logL	V(e)	
1	103825.36	0.00041	
2	103825.36	0.00041	
Log-likelihood ratio converged.

Summary result of REML analysis:
Source	Variance	SE
V(G)	0.000019	0.000007
V(e)	0.000396	0.000008
Vp	0.000415	0.000003
V(G)/Vp	0.044854	0.017333

Sampling variance/covariance of the estimates of variance components:
5.175923e-11	-5.068451e-11	
-5.068451e-11	6.083638e-11	

Summary result of REML analysis has been saved in the file [/home/hpcwan1/rds/hpc-work/project/gwas_fg/results/GWAS/region_g2/node_268/r_HCP_h2_node_268.hsq].

BLUP solutions of the genetic effects for 30716 individuals have been saved in the file [/home/hpcwan1/rds/hpc-work/project/gwas_fg/results/GWAS/region_g2/node_268/r_HCP_h2_node_268.indi.blp].

Analysis finished at 21:22:33 GMT on Sun Feb 04 2024
Overall computational time: 25 minutes 52 sec.
