*******************************************************************
* Genome-wide Complex Trait Analysis (GCTA)
* version v1.94.1 Linux
* Built at Nov 15 2022 21:14:25, by GCC 8.5
* (C) 2010-present, Yang Lab, Westlake University
* Please report bugs to Jian Yang <jian.yang@westlake.edu.cn>
*******************************************************************
Analysis started at 05:01:29 GMT on Mon Mar 04 2024.
Hostname: cpu-p-137

Accepted options:
--reml
--grm /home/hpcwan1/rds/hpc-work/project/gwas_fg/data/genetics_data/Neuroimaging_samples/full_grm
--pheno /home/hpcwan1/rds/hpc-work/project/gwas_fg/results/GWAS/region_g3/r_HCP_forGWAS.txt
--mpheno 305
--reml-pred-rand
--qcovar /home/hpcwan1/rds/hpc-work/project/gwas_fg/data/genetics_data/WMqcovar.txt
--covar /home/hpcwan1/rds/hpc-work/project/gwas_fg/data/genetics_data/WMcovardiscrete.txt
--threads 20
--out /home/hpcwan1/rds/hpc-work/project/gwas_fg/results/GWAS/region_g3/node_304/r_HCP_h2_node_304

Note: the program will be running on 20 threads.

Reading IDs of the GRM from [/home/hpcwan1/rds/hpc-work/project/gwas_fg/data/genetics_data/Neuroimaging_samples/full_grm.grm.id].
31797 IDs are read from [/home/hpcwan1/rds/hpc-work/project/gwas_fg/data/genetics_data/Neuroimaging_samples/full_grm.grm.id].
Reading the GRM from [/home/hpcwan1/rds/hpc-work/project/gwas_fg/data/genetics_data/Neuroimaging_samples/full_grm.grm.bin].
GRM for 31797 individuals are included from [/home/hpcwan1/rds/hpc-work/project/gwas_fg/data/genetics_data/Neuroimaging_samples/full_grm.grm.bin].
Reading phenotypes from [/home/hpcwan1/rds/hpc-work/project/gwas_fg/results/GWAS/region_g3/r_HCP_forGWAS.txt].
There are 361 traits specified in the file [/home/hpcwan1/rds/hpc-work/project/gwas_fg/results/GWAS/region_g3/r_HCP_forGWAS.txt].
Trait #305 is included for analysis.
Non-missing phenotypes of 35083 individuals are included from [/home/hpcwan1/rds/hpc-work/project/gwas_fg/results/GWAS/region_g3/r_HCP_forGWAS.txt].
Reading quantitative covariate(s) from [/home/hpcwan1/rds/hpc-work/project/gwas_fg/data/genetics_data/WMqcovar.txt].
47 quantitative covariate(s) of 31798 individuals are included from [/home/hpcwan1/rds/hpc-work/project/gwas_fg/data/genetics_data/WMqcovar.txt].
Reading discrete covariate(s) from [/home/hpcwan1/rds/hpc-work/project/gwas_fg/data/genetics_data/WMcovardiscrete.txt].
2 discrete covariate(s) of 31798 individuals are included from [/home/hpcwan1/rds/hpc-work/project/gwas_fg/data/genetics_data/WMcovardiscrete.txt].

47 quantitative variable(s) included as covariate(s).
2 discrete variable(s) included as covariate(s).
30716 individuals are in common in these files.

Performing  REML analysis ... (Note: may take hours depending on sample size).
30716 observations, 51 fixed effect(s), and 2 variance component(s)(including residual variance).
Calculating prior values of variance components by EM-REML ...
Updated prior values: 0.000489051 0.000504749
logL: 90555
Running AI-REML algorithm ...
Iter.	logL	V(G)	V(e)	
1	90568.21	0.00035	0.00063	
2	90668.03	0.00027	0.00071	
3	90714.31	0.00021	0.00076	
4	90735.74	0.00017	0.00080	
5	90745.71	0.00015	0.00082	
6	90750.38	0.00013	0.00084	
7	90752.57	0.00012	0.00085	
8	90753.61	0.00011	0.00086	
9	90754.10	0.00011	0.00086	
10	90754.34	0.00010	0.00088	
11	90754.55	0.00010	0.00088	
12	90754.55	0.00010	0.00088	
Log-likelihood ratio converged.

Calculating the logLikelihood for the reduced model ...
(variance component 1 is dropped from the model)
Calculating prior values of variance components by EM-REML ...
Updated prior values: 0.00097
logL: 90738.74790
Running AI-REML algorithm ...
Iter.	logL	V(e)	
1	90738.90	0.00097	
2	90738.90	0.00097	
Log-likelihood ratio converged.

Summary result of REML analysis:
Source	Variance	SE
V(G)	0.000097	0.000018
V(e)	0.000877	0.000019
Vp	0.000974	0.000008
V(G)/Vp	0.099523	0.018368

Sampling variance/covariance of the estimates of variance components:
3.220885e-10	-3.087533e-10	
-3.087533e-10	3.574468e-10	

Summary result of REML analysis has been saved in the file [/home/hpcwan1/rds/hpc-work/project/gwas_fg/results/GWAS/region_g3/node_304/r_HCP_h2_node_304.hsq].

BLUP solutions of the genetic effects for 30716 individuals have been saved in the file [/home/hpcwan1/rds/hpc-work/project/gwas_fg/results/GWAS/region_g3/node_304/r_HCP_h2_node_304.indi.blp].

Analysis finished at 05:18:43 GMT on Mon Mar 04 2024
Overall computational time: 17 minutes 14 sec.
