*******************************************************************
* Genome-wide Complex Trait Analysis (GCTA)
* version v1.94.1 Linux
* Built at Nov 15 2022 21:14:25, by GCC 8.5
* (C) 2010-present, Yang Lab, Westlake University
* Please report bugs to Jian Yang <jian.yang@westlake.edu.cn>
*******************************************************************
Analysis started at 09:42:24 GMT on Fri Dec 08 2023.
Hostname: cpu-p-235

Options: 
 
--fastGWA-mlm 
--mbfile /home/hpcwan1/rds/hpc-work/project/gwas_fg/data/genetics_data/Fast_GWAS_pathfile.txt 
--grm-sparse /home/hpcwan1/rds/hpc-work/project/gwas_fg/data/genetics_data/Neuroimaging_samples/sp_grm 
--pheno /home/hpcwan1/rds/hpc-work/project/gwas_fg/results/GWAS/region_g1/r_UKB_forGWAS.txt 
--mpheno 41 
--qcovar /home/hpcwan1/rds/hpc-work/project/gwas_fg/data/genetics_data/WMqcovar.txt 
--covar /home/hpcwan1/rds/hpc-work/project/gwas_fg/data/genetics_data/WMcovardiscrete.txt 
--threads 20 
--out /home/hpcwan1/rds/hpc-work/project/gwas_fg/results/GWAS/region_g1/node_40/r_UKB_GWAS_auto_node40 

The program will be running with up to 20 threads.
Reading PLINK sample file from [/home/hpcwan1/rds/hpc-work/project/gwas_fg/data/genetics_data/Neuroimaging_samples/ukbchr_v2_r2correct_v2_1.fam]...
31797 individuals to be included from the sample file.
Checking other sample files...
  All the files checked are OK.
Reading phenotype data from [/home/hpcwan1/rds/hpc-work/project/gwas_fg/results/GWAS/region_g1/r_UKB_forGWAS.txt]...
30715 overlapping individuals with non-missing data to be included from the phenotype file.
30715 individuals to be included. 14410 males, 16305 females, 0 unknown.
Reading PLINK BIM file from [/home/hpcwan1/rds/hpc-work/project/gwas_fg/data/genetics_data/Neuroimaging_samples/ukbchr_v2_r2correct_v2_1.bim]...
1263308 SNPs to be included from BIM file(s).
Reading PLINK BIM file from [/home/hpcwan1/rds/hpc-work/project/gwas_fg/data/genetics_data/Neuroimaging_samples/ukbchr_v2_r2correct_v2_2.bim]...
2620714 SNPs to be included from BIM file(s).
Reading PLINK BIM file from [/home/hpcwan1/rds/hpc-work/project/gwas_fg/data/genetics_data/Neuroimaging_samples/ukbchr_v2_r2correct_v2_3.bim]...
3755293 SNPs to be included from BIM file(s).
Reading PLINK BIM file from [/home/hpcwan1/rds/hpc-work/project/gwas_fg/data/genetics_data/Neuroimaging_samples/ukbchr_v2_r2correct_v2_4.bim]...
4912427 SNPs to be included from BIM file(s).
Reading PLINK BIM file from [/home/hpcwan1/rds/hpc-work/project/gwas_fg/data/genetics_data/Neuroimaging_samples/ukbchr_v2_r2correct_v2_5.bim]...
5944879 SNPs to be included from BIM file(s).
Reading PLINK BIM file from [/home/hpcwan1/rds/hpc-work/project/gwas_fg/data/genetics_data/Neuroimaging_samples/ukbchr_v2_r2correct_v2_6.bim]...
6994439 SNPs to be included from BIM file(s).
Reading PLINK BIM file from [/home/hpcwan1/rds/hpc-work/project/gwas_fg/data/genetics_data/Neuroimaging_samples/ukbchr_v2_r2correct_v2_7.bim]...
7933805 SNPs to be included from BIM file(s).
Reading PLINK BIM file from [/home/hpcwan1/rds/hpc-work/project/gwas_fg/data/genetics_data/Neuroimaging_samples/ukbchr_v2_r2correct_v2_8.bim]...
8819258 SNPs to be included from BIM file(s).
Reading PLINK BIM file from [/home/hpcwan1/rds/hpc-work/project/gwas_fg/data/genetics_data/Neuroimaging_samples/ukbchr_v2_r2correct_v2_9.bim]...
9511308 SNPs to be included from BIM file(s).
Reading PLINK BIM file from [/home/hpcwan1/rds/hpc-work/project/gwas_fg/data/genetics_data/Neuroimaging_samples/ukbchr_v2_r2correct_v2_10.bim]...
10318751 SNPs to be included from BIM file(s).
Reading PLINK BIM file from [/home/hpcwan1/rds/hpc-work/project/gwas_fg/data/genetics_data/Neuroimaging_samples/ukbchr_v2_r2correct_v2_11.bim]...
11105282 SNPs to be included from BIM file(s).
Reading PLINK BIM file from [/home/hpcwan1/rds/hpc-work/project/gwas_fg/data/genetics_data/Neuroimaging_samples/ukbchr_v2_r2correct_v2_12.bim]...
11870800 SNPs to be included from BIM file(s).
Reading PLINK BIM file from [/home/hpcwan1/rds/hpc-work/project/gwas_fg/data/genetics_data/Neuroimaging_samples/ukbchr_v2_r2correct_v2_13.bim]...
12450029 SNPs to be included from BIM file(s).
Reading PLINK BIM file from [/home/hpcwan1/rds/hpc-work/project/gwas_fg/data/genetics_data/Neuroimaging_samples/ukbchr_v2_r2correct_v2_14.bim]...
12972984 SNPs to be included from BIM file(s).
Reading PLINK BIM file from [/home/hpcwan1/rds/hpc-work/project/gwas_fg/data/genetics_data/Neuroimaging_samples/ukbchr_v2_r2correct_v2_15.bim]...
13435085 SNPs to be included from BIM file(s).
Reading PLINK BIM file from [/home/hpcwan1/rds/hpc-work/project/gwas_fg/data/genetics_data/Neuroimaging_samples/ukbchr_v2_r2correct_v2_16.bim]...
13945292 SNPs to be included from BIM file(s).
Reading PLINK BIM file from [/home/hpcwan1/rds/hpc-work/project/gwas_fg/data/genetics_data/Neuroimaging_samples/ukbchr_v2_r2correct_v2_17.bim]...
14392996 SNPs to be included from BIM file(s).
Reading PLINK BIM file from [/home/hpcwan1/rds/hpc-work/project/gwas_fg/data/genetics_data/Neuroimaging_samples/ukbchr_v2_r2correct_v2_18.bim]...
14848032 SNPs to be included from BIM file(s).
Reading PLINK BIM file from [/home/hpcwan1/rds/hpc-work/project/gwas_fg/data/genetics_data/Neuroimaging_samples/ukbchr_v2_r2correct_v2_19.bim]...
15222055 SNPs to be included from BIM file(s).
Reading PLINK BIM file from [/home/hpcwan1/rds/hpc-work/project/gwas_fg/data/genetics_data/Neuroimaging_samples/ukbchr_v2_r2correct_v2_20.bim]...
15578065 SNPs to be included from BIM file(s).
Reading PLINK BIM file from [/home/hpcwan1/rds/hpc-work/project/gwas_fg/data/genetics_data/Neuroimaging_samples/ukbchr_v2_r2correct_v2_21.bim]...
15795966 SNPs to be included from BIM file(s).
Reading PLINK BIM file from [/home/hpcwan1/rds/hpc-work/project/gwas_fg/data/genetics_data/Neuroimaging_samples/ukbchr_v2_r2correct_v2_22.bim]...
16018073 SNPs to be included from BIM file(s).
Reading PLINK BIM file from [/home/hpcwan1/rds/hpc-work/project/gwas_fg/data/genetics_data/Neuroimaging_samples/ukbchr_v2_r2correct_X.bim]...
16346495 SNPs to be included from BIM file(s).
Reading quantitative covariates from [/home/hpcwan1/rds/hpc-work/project/gwas_fg/data/genetics_data/WMqcovar.txt].
47 covariates of 31797 samples to be included.
Reading discrete covariates from [/home/hpcwan1/rds/hpc-work/project/gwas_fg/data/genetics_data/WMcovardiscrete.txt].
2 covariates of 31797 samples to be included.
47 qcovar, 2 covar and 0 rcovar to be included.
31797 common individuals among the covariate files to be included.
30715 overlapping individuals with non-missing data to be included from the covariate file(s).
Reading the sparse GRM file from [/home/hpcwan1/rds/hpc-work/project/gwas_fg/data/genetics_data/Neuroimaging_samples/sp_grm]...
After matching all the files, 30715 individuals to be included in the analysis.
Estimating the genetic variance (Vg) by fastGWA-REML (grid search)...
Iteration 1, step size: 2.60302e-05, logL: 83249.5. Vg: 0.000390452, searching range: 0.000364422 to 0.000416482
Iteration 2, step size: 3.47069e-06, logL: 83249.5. Vg: 0.000388717, searching range: 0.000385246 to 0.000392188
Iteration 3, step size: 4.62758e-07, logL: 83249.5. Vg: 0.000389874, searching range: 0.000389411 to 0.000390337
Iteration 4, step size: 6.17011e-08, logL: 83249.5. Vg: 0.000389905, searching range: 0.000389843 to 0.000389966
Iteration 5, step size: 8.22681e-09, logL: 83249.5. Vg: 0.000389884, searching range: 0.000389876 to 0.000389892
Iteration 6, step size: 1.09691e-09, logL: 83249.5. Vg: 0.000389886, searching range: 0.000389885 to 0.000389887
Iteration 7, step size: 1.46254e-10, logL: 83249.5. Vg: 0.000389886, searching range: 0.000389886 to 0.000389886
Iteration 8, step size: 1.95006e-11, logL: 83249.5. Vg: 0.000389886, searching range: 0.000389886 to 0.000389886
Iteration 9, step size: 2.60008e-12, logL: 83249.5. Vg: 0.000389886, searching range: 0.000389886 to 0.000389886
Iteration 10, step size: 3.46677e-13, logL: 83249.5. Vg: 0.000389886, searching range: 0.000389886 to 0.000389886
Iteration 11, step size: 4.62236e-14, logL: 83249.5. Vg: 0.000389886, searching range: 0.000389886 to 0.000389886
Iteration 12, step size: 6.16315e-15, logL: 83249.5. Vg: 0.000389886, searching range: 0.000389886 to 0.000389886
Iteration 13, step size: 8.21753e-16, logL: 83249.5. Vg: 0.000389886, searching range: 0.000389886 to 0.000389886
fastGWA-REML converged.
logL: 83249.5
Sampling variance/covariance of the estimates of Vg and Ve:
  2.6228e-08 -2.61506e-08
-2.61506e-08  2.62456e-08

Source	Variance	SE
Vg	0.000389886	0.000161951
Ve	0.001237	0.000162005
Vp	0.00162688

Heritability = 0.239652 (Pval = 0.0160649)
fastGWA-REML runtime: 0.223346 sec.

Tuning parameters using 2000 null SNPs...
  reading genotypes...
  100% finished in 12.0 sec
2000 SNPs have been processed.
Tuning of Gamma finished at the 1000th SNP.
Mean GRAMMAR-Gamma value = 614.011318
Tuning of Gamma finished 12.223 seconds.

Performing fastGWA mixed model association analysis...
fastGWA results will be saved in text format to [/home/hpcwan1/rds/hpc-work/project/gwas_fg/results/GWAS/region_g1/node_40/r_UKB_GWAS_auto_node40.fastGWA].
  Filtering out variants with MAF < 0.0001, or customise it with --maf flag.
  Filtering out variants with missingness rate > 0.10, or customise it with --geno flag.
slurmstepd: error: *** JOB 36908094 ON cpu-p-235 CANCELLED AT 2023-12-08T19:42:30 DUE TO TIME LIMIT ***
