*******************************************************************
* Genome-wide Complex Trait Analysis (GCTA)
* version v1.94.1 Linux
* Built at Nov 15 2022 21:14:25, by GCC 8.5
* (C) 2010-present, Yang Lab, Westlake University
* Please report bugs to Jian Yang <jian.yang@westlake.edu.cn>
*******************************************************************
Analysis started at 09:26:22 GMT on Fri Mar 01 2024.
Hostname: cpu-p-202

Accepted options:
--reml
--grm /home/hpcwan1/rds/hpc-work/project/gwas_fg/data/genetics_data/Neuroimaging_samples/full_grm
--pheno /home/hpcwan1/rds/hpc-work/project/gwas_fg/results/GWAS/region_g3/r_HCP_forGWAS.txt
--mpheno 15
--reml-pred-rand
--qcovar /home/hpcwan1/rds/hpc-work/project/gwas_fg/data/genetics_data/WMqcovar.txt
--covar /home/hpcwan1/rds/hpc-work/project/gwas_fg/data/genetics_data/WMcovardiscrete.txt
--threads 20
--out /home/hpcwan1/rds/hpc-work/project/gwas_fg/results/GWAS/region_g3/node_14/r_HCP_h2_node_14

Note: the program will be running on 20 threads.

Reading IDs of the GRM from [/home/hpcwan1/rds/hpc-work/project/gwas_fg/data/genetics_data/Neuroimaging_samples/full_grm.grm.id].
31797 IDs are read from [/home/hpcwan1/rds/hpc-work/project/gwas_fg/data/genetics_data/Neuroimaging_samples/full_grm.grm.id].
Reading the GRM from [/home/hpcwan1/rds/hpc-work/project/gwas_fg/data/genetics_data/Neuroimaging_samples/full_grm.grm.bin].
GRM for 31797 individuals are included from [/home/hpcwan1/rds/hpc-work/project/gwas_fg/data/genetics_data/Neuroimaging_samples/full_grm.grm.bin].
Reading phenotypes from [/home/hpcwan1/rds/hpc-work/project/gwas_fg/results/GWAS/region_g3/r_HCP_forGWAS.txt].
There are 361 traits specified in the file [/home/hpcwan1/rds/hpc-work/project/gwas_fg/results/GWAS/region_g3/r_HCP_forGWAS.txt].
Trait #15 is included for analysis.
Non-missing phenotypes of 35083 individuals are included from [/home/hpcwan1/rds/hpc-work/project/gwas_fg/results/GWAS/region_g3/r_HCP_forGWAS.txt].
Reading quantitative covariate(s) from [/home/hpcwan1/rds/hpc-work/project/gwas_fg/data/genetics_data/WMqcovar.txt].
47 quantitative covariate(s) of 31798 individuals are included from [/home/hpcwan1/rds/hpc-work/project/gwas_fg/data/genetics_data/WMqcovar.txt].
Reading discrete covariate(s) from [/home/hpcwan1/rds/hpc-work/project/gwas_fg/data/genetics_data/WMcovardiscrete.txt].
2 discrete covariate(s) of 31798 individuals are included from [/home/hpcwan1/rds/hpc-work/project/gwas_fg/data/genetics_data/WMcovardiscrete.txt].

47 quantitative variable(s) included as covariate(s).
2 discrete variable(s) included as covariate(s).
30716 individuals are in common in these files.

Performing  REML analysis ... (Note: may take hours depending on sample size).
30716 observations, 51 fixed effect(s), and 2 variance component(s)(including residual variance).
Calculating prior values of variance components by EM-REML ...
Updated prior values: 0.000408026 0.000420053
logL: 93409.1
Running AI-REML algorithm ...
Iter.	logL	V(G)	V(e)	
1	93418.92	0.00030	0.00051	
2	93505.13	0.00024	0.00058	
3	93545.22	0.00019	0.00062	
4	93563.85	0.00016	0.00065	
5	93572.56	0.00014	0.00067	
6	93576.65	0.00013	0.00068	
7	93578.58	0.00012	0.00069	
8	93579.49	0.00011	0.00070	
9	93579.93	0.00010	0.00071	
10	93580.32	0.00010	0.00071	
11	93580.32	0.00010	0.00071	
12	93580.32	0.00010	0.00071	
Log-likelihood ratio converged.

Calculating the logLikelihood for the reduced model ...
(variance component 1 is dropped from the model)
Calculating prior values of variance components by EM-REML ...
Updated prior values: 0.00081
logL: 93555.61381
Running AI-REML algorithm ...
Iter.	logL	V(e)	
1	93556.29	0.00081	
2	93556.29	0.00081	
Log-likelihood ratio converged.

Summary result of REML analysis:
Source	Variance	SE
V(G)	0.000101	0.000015
V(e)	0.000710	0.000016
Vp	0.000811	0.000007
V(G)/Vp	0.124400	0.018670

Sampling variance/covariance of the estimates of variance components:
2.312121e-10	-2.196207e-10	
-2.196207e-10	2.510468e-10	

Summary result of REML analysis has been saved in the file [/home/hpcwan1/rds/hpc-work/project/gwas_fg/results/GWAS/region_g3/node_14/r_HCP_h2_node_14.hsq].

BLUP solutions of the genetic effects for 30716 individuals have been saved in the file [/home/hpcwan1/rds/hpc-work/project/gwas_fg/results/GWAS/region_g3/node_14/r_HCP_h2_node_14.indi.blp].

Analysis finished at 09:42:17 GMT on Fri Mar 01 2024
Overall computational time: 15 minutes 55 sec.
