*******************************************************************
* Genome-wide Complex Trait Analysis (GCTA)
* version v1.94.1 Linux
* Built at Nov 15 2022 21:14:25, by GCC 8.5
* (C) 2010-present, Yang Lab, Westlake University
* Please report bugs to Jian Yang <jian.yang@westlake.edu.cn>
*******************************************************************
Analysis started at 00:05:44 GMT on Sat Feb 03 2024.
Hostname: cpu-p-84

Accepted options:
--reml
--grm /home/hpcwan1/rds/hpc-work/project/gwas_fg/data/genetics_data/Neuroimaging_samples/full_grm
--pheno /home/hpcwan1/rds/hpc-work/project/gwas_fg/results/GWAS/region_g1/r_HCP_forGWAS.txt
--mpheno 5
--reml-pred-rand
--qcovar /home/hpcwan1/rds/hpc-work/project/gwas_fg/data/genetics_data/WMqcovar.txt
--covar /home/hpcwan1/rds/hpc-work/project/gwas_fg/data/genetics_data/WMcovardiscrete.txt
--threads 10
--out /home/hpcwan1/rds/hpc-work/project/gwas_fg/results/GWAS/region_g1/node_4/r_HCP_h2_node_4

Note: the program will be running on 10 threads.

Reading IDs of the GRM from [/home/hpcwan1/rds/hpc-work/project/gwas_fg/data/genetics_data/Neuroimaging_samples/full_grm.grm.id].
31797 IDs are read from [/home/hpcwan1/rds/hpc-work/project/gwas_fg/data/genetics_data/Neuroimaging_samples/full_grm.grm.id].
Reading the GRM from [/home/hpcwan1/rds/hpc-work/project/gwas_fg/data/genetics_data/Neuroimaging_samples/full_grm.grm.bin].
GRM for 31797 individuals are included from [/home/hpcwan1/rds/hpc-work/project/gwas_fg/data/genetics_data/Neuroimaging_samples/full_grm.grm.bin].
Reading phenotypes from [/home/hpcwan1/rds/hpc-work/project/gwas_fg/results/GWAS/region_g1/r_HCP_forGWAS.txt].
There are 361 traits specified in the file [/home/hpcwan1/rds/hpc-work/project/gwas_fg/results/GWAS/region_g1/r_HCP_forGWAS.txt].
Trait #5 is included for analysis.
Non-missing phenotypes of 35083 individuals are included from [/home/hpcwan1/rds/hpc-work/project/gwas_fg/results/GWAS/region_g1/r_HCP_forGWAS.txt].
Reading quantitative covariate(s) from [/home/hpcwan1/rds/hpc-work/project/gwas_fg/data/genetics_data/WMqcovar.txt].
47 quantitative covariate(s) of 31798 individuals are included from [/home/hpcwan1/rds/hpc-work/project/gwas_fg/data/genetics_data/WMqcovar.txt].
Reading discrete covariate(s) from [/home/hpcwan1/rds/hpc-work/project/gwas_fg/data/genetics_data/WMcovardiscrete.txt].
2 discrete covariate(s) of 31798 individuals are included from [/home/hpcwan1/rds/hpc-work/project/gwas_fg/data/genetics_data/WMcovardiscrete.txt].

47 quantitative variable(s) included as covariate(s).
2 discrete variable(s) included as covariate(s).
30716 individuals are in common in these files.

Performing  REML analysis ... (Note: may take hours depending on sample size).
30716 observations, 51 fixed effect(s), and 2 variance component(s)(including residual variance).
Calculating prior values of variance components by EM-REML ...
Updated prior values: 0.000760961 0.000787955
logL: 83872.3
Running AI-REML algorithm ...
Iter.	logL	V(G)	V(e)	
1	83883.01	0.00051	0.00100	
2	84015.81	0.00036	0.00115	
3	84075.58	0.00026	0.00124	
4	84102.50	0.00020	0.00130	
5	84114.69	0.00016	0.00134	
6	84120.24	0.00013	0.00137	
7	84122.79	0.00011	0.00139	
8	84123.95	0.00010	0.00140	
9	84124.49	0.00009	0.00141	
10	84124.74	0.00007	0.00142	
11	84124.96	0.00008	0.00142	
12	84124.96	0.00008	0.00142	
Log-likelihood ratio converged.

Calculating the logLikelihood for the reduced model ...
(variance component 1 is dropped from the model)
Calculating prior values of variance components by EM-REML ...
Updated prior values: 0.00150
logL: 84115.89789
Running AI-REML algorithm ...
Iter.	logL	V(e)	
1	84120.38	0.00150	
2	84120.38	0.00150	
Log-likelihood ratio converged.

Summary result of REML analysis:
Source	Variance	SE
V(G)	0.000075	0.000026
V(e)	0.001424	0.000028
Vp	0.001500	0.000012
V(G)/Vp	0.050047	0.017390

Sampling variance/covariance of the estimates of variance components:
6.811788e-10	-6.655582e-10	
-6.655582e-10	7.966917e-10	

Summary result of REML analysis has been saved in the file [/home/hpcwan1/rds/hpc-work/project/gwas_fg/results/GWAS/region_g1/node_4/r_HCP_h2_node_4.hsq].

BLUP solutions of the genetic effects for 30716 individuals have been saved in the file [/home/hpcwan1/rds/hpc-work/project/gwas_fg/results/GWAS/region_g1/node_4/r_HCP_h2_node_4.indi.blp].

Analysis finished at 00:34:44 GMT on Sat Feb 03 2024
Overall computational time: 29 minutes 0 sec.
